<?xml version="1.0" encoding="UTF-8"?>
<testng-results skipped="0" failed="1" ignored="0" total="1" passed="0">
  <reporter-output>
  </reporter-output>
  <suite name="Suite" duration-ms="28431" started-at="2018-05-02T13:11:43Z" finished-at="2018-05-02T13:12:12Z">
    <groups>
    </groups>
    <test name="Test" duration-ms="28431" started-at="2018-05-02T13:11:43Z" finished-at="2018-05-02T13:12:12Z">
      <class name="com.mm.testcase.TestCase_RateAPolicy">
        <test-method status="PASS" signature="beforeSuite()[pri:0, instance:com.mm.testcase.TestCase_RateAPolicy@4cf777e8]" name="beforeSuite" is-config="true" duration-ms="147" started-at="2018-05-02T13:11:43Z" finished-at="2018-05-02T13:11:43Z">
          <reporter-output>
          </reporter-output>
        </test-method> <!-- beforeSuite -->
        <test-method status="PASS" signature="setUp()[pri:0, instance:com.mm.testcase.TestCase_RateAPolicy@4cf777e8]" name="setUp" is-config="true" duration-ms="2184" started-at="2018-05-02T13:11:43Z" finished-at="2018-05-02T13:11:46Z">
          <reporter-output>
          </reporter-output>
        </test-method> <!-- setUp -->
        <test-method status="FAIL" signature="ratePolicy()[pri:0, instance:com.mm.testcase.TestCase_RateAPolicy@4cf777e8]" name="ratePolicy" duration-ms="25970" started-at="2018-05-02T13:11:46Z" finished-at="2018-05-02T13:12:12Z">
          <exception class="java.lang.AssertionError">
            <message>
              <![CDATA[expected [This Policy No - Q09101299-NB18-01 is currently locked, please check.] but found [true]]]>
            </message>
            <full-stacktrace>
              <![CDATA[java.lang.AssertionError: expected [This Policy No - Q09101299-NB18-01 is currently locked, please check.] but found [true]
at org.testng.Assert.fail(Assert.java:96)
at org.testng.Assert.failNotEquals(Assert.java:776)
at org.testng.Assert.assertEqualsImpl(Assert.java:137)
at org.testng.Assert.assertEquals(Assert.java:118)
at org.testng.Assert.assertEquals(Assert.java:442)
at com.mm.page.objects.rateaPolicyPage.searchRate(rateaPolicyPage.java:70)
at com.mm.testcase.TestCase_RateAPolicy.ratePolicy(TestCase_RateAPolicy.java:41)
at sun.reflect.NativeMethodAccessorImpl.invoke0(Native Method)
at sun.reflect.NativeMethodAccessorImpl.invoke(Unknown Source)
at sun.reflect.DelegatingMethodAccessorImpl.invoke(Unknown Source)
at java.lang.reflect.Method.invoke(Unknown Source)
at org.testng.internal.MethodInvocationHelper.invokeMethod(MethodInvocationHelper.java:124)
at org.testng.internal.Invoker.invokeMethod(Invoker.java:583)
at org.testng.internal.Invoker.invokeTestMethod(Invoker.java:719)
at org.testng.internal.Invoker.invokeTestMethods(Invoker.java:989)
at org.testng.internal.TestMethodWorker.invokeTestMethods(TestMethodWorker.java:125)
at org.testng.internal.TestMethodWorker.run(TestMethodWorker.java:109)
at org.testng.TestRunner.privateRun(TestRunner.java:648)
at org.testng.TestRunner.run(TestRunner.java:505)
at org.testng.SuiteRunner.runTest(SuiteRunner.java:455)
at org.testng.SuiteRunner.runSequentially(SuiteRunner.java:450)
at org.testng.SuiteRunner.privateRun(SuiteRunner.java:415)
at org.testng.SuiteRunner.run(SuiteRunner.java:364)
at org.testng.SuiteRunnerWorker.runSuite(SuiteRunnerWorker.java:52)
at org.testng.SuiteRunnerWorker.run(SuiteRunnerWorker.java:84)
at org.testng.TestNG.runSuitesSequentially(TestNG.java:1208)
at org.testng.TestNG.runSuitesLocally(TestNG.java:1137)
at org.testng.TestNG.runSuites(TestNG.java:1049)
at org.testng.TestNG.run(TestNG.java:1017)
at org.testng.remote.AbstractRemoteTestNG.run(AbstractRemoteTestNG.java:114)
at org.testng.remote.RemoteTestNG.initAndRun(RemoteTestNG.java:251)
at org.testng.remote.RemoteTestNG.main(RemoteTestNG.java:77)
]]>
            </full-stacktrace>
          </exception> <!-- java.lang.AssertionError -->
          <reporter-output>
          </reporter-output>
        </test-method> <!-- ratePolicy -->
        <test-method status="PASS" signature="afterMethod(org.testng.ITestResult)[pri:0, instance:com.mm.testcase.TestCase_RateAPolicy@4cf777e8]" name="afterMethod" is-config="true" duration-ms="254" started-at="2018-05-02T13:12:12Z" finished-at="2018-05-02T13:12:12Z">
          <params>
            <param index="0">
              <value>
                <![CDATA[[TestResult name=ratePolicy status=FAILURE method=TestCase_RateAPolicy.ratePolicy()[pri:0, instance:com.mm.testcase.TestCase_RateAPolicy@4cf777e8] output={null}]]]>
              </value>
            </param>
          </params>
          <reporter-output>
          </reporter-output>
        </test-method> <!-- afterMethod -->
        <test-method status="PASS" signature="afterSuite()[pri:0, instance:com.mm.testcase.TestCase_RateAPolicy@4cf777e8]" name="afterSuite" is-config="true" duration-ms="42" started-at="2018-05-02T13:12:12Z" finished-at="2018-05-02T13:12:12Z">
          <reporter-output>
          </reporter-output>
        </test-method> <!-- afterSuite -->
      </class> <!-- com.mm.testcase.TestCase_RateAPolicy -->
    </test> <!-- Test -->
  </suite> <!-- Suite -->
</testng-results>
